<?xml version="1.0"?>
<interface xmlns="http://zero-install.sourceforge.net/2004/injector/interface">
  <name>test</name>
  <summary>testing</summary>

  <feed-for interface="http://example.com/myrepo/tests/test.xml"/>

  <group license='Example only' released='2013-04-28'>
    <command name="run" path="test.py">
      <runner interface="http://repo.roscidus.com/python/python">
	<version not-before="3"/>
      </runner>
    </command>

    <implementation id="version2" version="2">
      <manifest-digest sha256new='RPUJPVVHEWJ673N736OCN7EMESYAEYM2UAY6OJ4MDFGUZ7QACLKA'/>
      <archive href="test-2.tar.bz2" size="185"/>
    </implementation>
  </group>
</interface>
